<?xml version="1.0" encoding="UTF-8"?>
<!-- Generated by org.testng.reporters.JUnitReportReporter -->
<testsuite hostname="LAPTOP-M2QLQSTA" failures="0" tests="4" name="api.test.UserTests" time="13.030" errors="0" timestamp="2025-05-19T01:05:44 IST" skipped="0">
  <testcase classname="api.test.UserTests" name="testPostUser" time="4.127"/>
  <testcase classname="api.test.UserTests" name="testGetUserByName" time="1.929"/>
  <testcase classname="api.test.UserTests" name="tesUpdatetUserByName" time="4.799"/>
  <testcase classname="api.test.UserTests" name="testDeleteUserByName" time="2.175"/>
</testsuite> <!-- api.test.UserTests -->
